<?xml version="1.0" encoding="UTF-8"?>
<!-- Generated by org.testng.reporters.JUnitXMLReporter -->
<testsuite ignored="0" hostname="DESKTOP-NFV7UOU" failures="0" tests="8" name="Default test" time="74.953" errors="0" timestamp="2025-01-29T01:13:05 IST">
  <testcase classname="tests.LogoutPageTest" name="verifyLoggingOutUsingMyAccountDropMenu" time="2.818"/>
  <testcase classname="tests.LogoutPageTest" name="verifyLoggingOutUsingLogoutRightColumnOption" time="2.648"/>
  <testcase classname="tests.LogoutPageTest" name="verifyLoggingOutAndBrowsingBack" time="3.315"/>
  <testcase classname="tests.LogoutPageTest" name="verifyThereIsNoLogoutOptionBeforeLogin" time="13.392"/>
  <testcase classname="tests.LogoutPageTest" name="verifyLoginAfterLogout" time="3.604"/>
  <testcase classname="tests.LogoutPageTest" name="verifyBreadCrumbTitleHeadingAndURLOfAccountLogoutPage" time="2.179"/>
  <testcase classname="tests.LogoutPageTest" name="verifyUIOfLogoutOptionAndAccountLogoutPage" time="1.871"/>
  <testcase classname="tests.LogoutPageTest" name="verifyAccountLogoutFunctionality" time="2.879"/>
</testsuite> <!-- Default test -->
