<?xml version="1.0" encoding="UTF-8"?>
<!-- Generated by org.testng.reporters.JUnitXMLReporter -->
<testsuite ignored="11" hostname="DESKTOP-NFV7UOU" failures="0" tests="1" name="Default test" time="60.227" errors="0" timestamp="2025-02-09T22:57:02 IST">
  <testcase classname="tests.SearchPageTest" name="verifyNavigationToProductCompagePage" time="30.787"/>
  <testcase classname="tests.SearchPageTest" name="verifySearchByUsingParentCategoryAndSearchInSubCategoriesOption" time="0.0">
    <ignored/>
  </testcase> <!-- verifySearchByUsingParentCategoryAndSearchInSubCategoriesOption -->
  <testcase classname="tests.SearchPageTest" name="verifySearchResultingInMultipleProducts" time="0.0">
    <ignored/>
  </testcase> <!-- verifySearchResultingInMultipleProducts -->
  <testcase classname="tests.SearchPageTest" name="verifySearchFieldsPlaceHolders" time="0.0">
    <ignored/>
  </testcase> <!-- verifySearchFieldsPlaceHolders -->
  <testcase classname="tests.SearchPageTest" name="verifySearchWithNonValidProduct" time="0.0">
    <ignored/>
  </testcase> <!-- verifySearchWithNonValidProduct -->
  <testcase classname="tests.SearchPageTest" name="verifySearchWithoutEnteringAnyProduct" time="0.0">
    <ignored/>
  </testcase> <!-- verifySearchWithoutEnteringAnyProduct -->
  <testcase classname="tests.SearchPageTest" name="verifySearchingForProductUsingSomeTextInProductDescription" time="0.0">
    <ignored/>
  </testcase> <!-- verifySearchingForProductUsingSomeTextInProductDescription -->
  <testcase classname="tests.SearchPageTest" name="verifySearchBySelectingSubCategory" time="0.0">
    <ignored/>
  </testcase> <!-- verifySearchBySelectingSubCategory -->
  <testcase classname="tests.SearchPageTest" name="verifySearchWithValidProduct" time="0.0">
    <ignored/>
  </testcase> <!-- verifySearchWithValidProduct -->
  <testcase classname="tests.SearchPageTest" name="vefiyMultipleProductsInSearchResultInListAndGridView" time="0.0">
    <ignored/>
  </testcase> <!-- vefiyMultipleProductsInSearchResultInListAndGridView -->
  <testcase classname="tests.SearchPageTest" name="verifySearchAfterLogin" time="0.0">
    <ignored/>
  </testcase> <!-- verifySearchAfterLogin -->
  <testcase classname="tests.SearchPageTest" name="verifySearchingForProductUsingSearchCriteria" time="0.0">
    <ignored/>
  </testcase> <!-- verifySearchingForProductUsingSearchCriteria -->
</testsuite> <!-- Default test -->
