<?xml version="1.0" encoding="UTF-8"?>
<!-- Generated by org.testng.reporters.JUnitXMLReporter -->
<testsuite ignored="1" hostname="DESKTOP-NFV7UOU" failures="14" tests="41" name="Test" time="313.043" errors="0" timestamp="2025-01-26T01:17:43 IST">
  <testcase classname="tests.RegisterPageTest" name="verifyRegisteringAccountUsingMandatoryFields" time="3.63"/>
  <testcase classname="tests.RegisterPageTest" name="verifyRegistringAccountUsingAllFields" time="3.991"/>
  <testcase classname="tests.RegisterPageTest" name="verifyWarningMessageOfMandatoryFieldsInRegisterAccountPage" time="1.314"/>
  <testcase classname="tests.RegisterPageTest" name="verifyRegisteringAccountBySubscribingToNewsletter" time="3.732"/>
  <testcase classname="tests.RegisterPageTest" name="verifyRegisteringAccountByNotSubscribingToNewsletter" time="3.315"/>
  <testcase classname="tests.RegisterPageTest" name="verifyDifferentWaysOfNavigatingToRegisterAccountPage" time="1.982"/>
  <testcase classname="tests.RegisterPageTest" name="verifyRegisteringAccountByProvidingMismatchedPasswords" time="2.322"/>
  <testcase classname="tests.RegisterPageTest" name="verifyRegisterAccountWithExistingEmailAddress" time="2.447"/>
  <testcase classname="tests.RegisterPageTest" name="verifyRegisteringAccountUsingInvalidEmail" time="3.726"/>
  <testcase classname="tests.RegisterPageTest" name="verifyRegisteringAccountUsingInvalidTelephoneNumber" time="5.072">
    <failure type="java.lang.AssertionError" message="expected [true] but found [false]">
      <![CDATA[java.lang.AssertionError: expected [true] but found [false]
at tests.RegisterPageTest.verifyRegisteringAccountUsingInvalidTelephoneNumber(RegisterPageTest.java:360)
at java.base/java.util.ArrayList.forEach(ArrayList.java:1596)
... Removed 29 stack frames]]>
    </failure>
  </testcase> <!-- verifyRegisteringAccountUsingInvalidTelephoneNumber -->
  <testcase classname="tests.RegisterPageTest" name="verifyRegisteringAccountUsingKeyboardKeys" time="1.533"/>
  <testcase classname="tests.RegisterPageTest" name="verifyRegisterAccountPagePlaceholders" time="0.148"/>
  <testcase classname="tests.RegisterPageTest" name="verifyMandatoryFieldsInRegisterAccountPage" time="0.382">
    <failure type="java.lang.AssertionError" message="expected [&amp;quot;* &amp;quot;] but found [none]">
      <![CDATA[java.lang.AssertionError: expected ["* "] but found [none]
at tests.RegisterPageTest.verifyMandatoryFieldsInRegisterAccountPage(RegisterPageTest.java:461)
at java.base/java.util.ArrayList.forEach(ArrayList.java:1596)
... Removed 31 stack frames]]>
    </failure>
  </testcase> <!-- verifyMandatoryFieldsInRegisterAccountPage -->
  <testcase classname="tests.RegisterPageTest" name="verifyRegisteringAccountByEnteringOnlySpaces" time="5.056">
    <failure type="java.lang.AssertionError" message="expected [Telephone does not appear to be valid!] but found []">
      <![CDATA[java.lang.AssertionError: expected [Telephone does not appear to be valid!] but found []
at tests.RegisterPageTest.verifyRegisteringAccountByEnteringOnlySpaces(RegisterPageTest.java:561)
at java.base/java.util.ArrayList.forEach(ArrayList.java:1596)
... Removed 31 stack frames]]>
    </failure>
  </testcase> <!-- verifyRegisteringAccountByEnteringOnlySpaces -->
  <testcase classname="tests.RegisterPageTest" name="verifyRegisteringAccountUsingPasswordsWhichAreNotFollowingPasswordComplexityStandards" time="5.383">
    <failure type="java.lang.AssertionError" message="expected [true] but found [false]">
      <![CDATA[java.lang.AssertionError: expected [true] but found [false]
at tests.RegisterPageTest.verifyRegisteringAccountUsingPasswordsWhichAreNotFollowingPasswordComplexityStandards(RegisterPageTest.java:593)
at java.base/java.util.ArrayList.forEach(ArrayList.java:1596)
... Removed 29 stack frames]]>
    </failure>
  </testcase> <!-- verifyRegisteringAccountUsingPasswordsWhichAreNotFollowingPasswordComplexityStandards -->
  <testcase classname="tests.RegisterPageTest" name="verifyRegisteringAccountUsingPasswordsWhichAreNotFollowingPasswordComplexityStandards" time="5.387">
    <failure type="java.lang.AssertionError" message="expected [true] but found [false]">
      <![CDATA[java.lang.AssertionError: expected [true] but found [false]
at tests.RegisterPageTest.verifyRegisteringAccountUsingPasswordsWhichAreNotFollowingPasswordComplexityStandards(RegisterPageTest.java:593)
at java.base/java.util.ArrayList.forEach(ArrayList.java:1596)
... Removed 29 stack frames]]>
    </failure>
  </testcase> <!-- verifyRegisteringAccountUsingPasswordsWhichAreNotFollowingPasswordComplexityStandards -->
  <testcase classname="tests.RegisterPageTest" name="verifyRegisteringAccountUsingPasswordsWhichAreNotFollowingPasswordComplexityStandards" time="5.316">
    <failure type="java.lang.AssertionError" message="expected [true] but found [false]">
      <![CDATA[java.lang.AssertionError: expected [true] but found [false]
at tests.RegisterPageTest.verifyRegisteringAccountUsingPasswordsWhichAreNotFollowingPasswordComplexityStandards(RegisterPageTest.java:593)
at java.base/java.util.ArrayList.forEach(ArrayList.java:1596)
... Removed 29 stack frames]]>
    </failure>
  </testcase> <!-- verifyRegisteringAccountUsingPasswordsWhichAreNotFollowingPasswordComplexityStandards -->
  <testcase classname="tests.RegisterPageTest" name="verifyRegisteringAccountUsingPasswordsWhichAreNotFollowingPasswordComplexityStandards" time="5.211">
    <failure type="java.lang.AssertionError" message="expected [true] but found [false]">
      <![CDATA[java.lang.AssertionError: expected [true] but found [false]
at tests.RegisterPageTest.verifyRegisteringAccountUsingPasswordsWhichAreNotFollowingPasswordComplexityStandards(RegisterPageTest.java:593)
at java.base/java.util.ArrayList.forEach(ArrayList.java:1596)
... Removed 29 stack frames]]>
    </failure>
  </testcase> <!-- verifyRegisteringAccountUsingPasswordsWhichAreNotFollowingPasswordComplexityStandards -->
  <testcase classname="tests.RegisterPageTest" name="verifyRegisteringAccountUsingPasswordsWhichAreNotFollowingPasswordComplexityStandards" time="5.524">
    <failure type="java.lang.AssertionError" message="expected [true] but found [false]">
      <![CDATA[java.lang.AssertionError: expected [true] but found [false]
at tests.RegisterPageTest.verifyRegisteringAccountUsingPasswordsWhichAreNotFollowingPasswordComplexityStandards(RegisterPageTest.java:593)
at java.base/java.util.ArrayList.forEach(ArrayList.java:1596)
... Removed 29 stack frames]]>
    </failure>
  </testcase> <!-- verifyRegisteringAccountUsingPasswordsWhichAreNotFollowingPasswordComplexityStandards -->
  <testcase classname="tests.RegisterPageTest" name="verifyHeightWidthNumberOfCharacters" time="49.644">
    <failure type="java.lang.AssertionError" message="expected [true] but found [false]">
      <![CDATA[java.lang.AssertionError: expected [true] but found [false]
at tests.RegisterPageTest.verifyHeightWidthNumberOfCharacters(RegisterPageTest.java:764)
at java.base/java.util.ArrayList.forEach(ArrayList.java:1596)
... Removed 29 stack frames]]>
    </failure>
  </testcase> <!-- verifyHeightWidthNumberOfCharacters -->
  <testcase classname="tests.LoginPageTest" name="verifyWithLoginWithValidCredentials" time="4.051">
    <failure type="org.openqa.selenium.NoSuchElementException" message="no such element: Unable to locate element: {&amp;quot;method&amp;quot;:&amp;quot;xpath&amp;quot;,&amp;quot;selector&amp;quot;:&amp;quot;//a[@class=&amp;apos;list-group-item&amp;apos;][text()=&amp;apos;Logout&amp;apos;]&amp;quot;}
  (Session info: chrome=131.0.6778.265)
For documentation on this error, please visit: https://www.selenium.dev/documentation/webdriver/troubleshooting/errors#no-such-element-exception
Build info: version: &amp;apos;4.27.0&amp;apos;, revision: &amp;apos;d6e718d134&amp;apos;
System info: os.name: &amp;apos;Windows 11&amp;apos;, os.arch: &amp;apos;amd64&amp;apos;, os.version: &amp;apos;10.0&amp;apos;, java.version: &amp;apos;21.0.5&amp;apos;
Driver info: org.openqa.selenium.chrome.ChromeDriver
Command: [b118c78f0fb7a2f164f2e085950e311a, findElement {value=//a[@class=&amp;apos;list-group-item&amp;apos;][text()=&amp;apos;Logout&amp;apos;], using=xpath}]
Capabilities {acceptInsecureCerts: false, browserName: chrome, browserVersion: 131.0.6778.265, chrome: {chromedriverVersion: 131.0.6778.264 (2d05e315153..., userDataDir: C:\Users\biraj\AppData\Loca...}, fedcm:accounts: true, goog:chromeOptions: {debuggerAddress: localhost:52695}, networkConnectionEnabled: false, pageLoadStrategy: normal, platformName: windows, proxy: Proxy(), se:cdp: ws://localhost:52695/devtoo..., se:cdpVersion: 131.0.6778.265, setWindowRect: true, strictFileInteractability: false, timeouts: {implicit: 0, pageLoad: 300000, script: 30000}, unhandledPromptBehavior: dismiss and notify, webauthn:extension:credBlob: true, webauthn:extension:largeBlob: true, webauthn:extension:minPinLength: true, webauthn:extension:prf: true, webauthn:virtualAuthenticators: true}
Session ID: b118c78f0fb7a2f164f2e085950e311a">
      <![CDATA[org.openqa.selenium.NoSuchElementException: no such element: Unable to locate element: {"method":"xpath","selector":"//a[@class='list-group-item'][text()='Logout']"}
  (Session info: chrome=131.0.6778.265)
For documentation on this error, please visit: https://www.selenium.dev/documentation/webdriver/troubleshooting/errors#no-such-element-exception
Build info: version: '4.27.0', revision: 'd6e718d134'
System info: os.name: 'Windows 11', os.arch: 'amd64', os.version: '10.0', java.version: '21.0.5'
Driver info: org.openqa.selenium.chrome.ChromeDriver
Command: [b118c78f0fb7a2f164f2e085950e311a, findElement {value=//a[@class='list-group-item'][text()='Logout'], using=xpath}]
Capabilities {acceptInsecureCerts: false, browserName: chrome, browserVersion: 131.0.6778.265, chrome: {chromedriverVersion: 131.0.6778.264 (2d05e315153..., userDataDir: C:\Users\biraj\AppData\Loca...}, fedcm:accounts: true, goog:chromeOptions: {debuggerAddress: localhost:52695}, networkConnectionEnabled: false, pageLoadStrategy: normal, platformName: windows, proxy: Proxy(), se:cdp: ws://localhost:52695/devtoo..., se:cdpVersion: 131.0.6778.265, setWindowRect: true, strictFileInteractability: false, timeouts: {implicit: 0, pageLoad: 300000, script: 30000}, unhandledPromptBehavior: dismiss and notify, webauthn:extension:credBlob: true, webauthn:extension:largeBlob: true, webauthn:extension:minPinLength: true, webauthn:extension:prf: true, webauthn:virtualAuthenticators: true}
Session ID: b118c78f0fb7a2f164f2e085950e311a
at org.openqa.selenium.remote.ErrorCodec.decode(ErrorCodec.java:167)
at org.openqa.selenium.remote.codec.w3c.W3CHttpResponseCodec.decode(W3CHttpResponseCodec.java:138)
at org.openqa.selenium.remote.codec.w3c.W3CHttpResponseCodec.decode(W3CHttpResponseCodec.java:50)
at org.openqa.selenium.remote.HttpCommandExecutor.execute(HttpCommandExecutor.java:190)
at org.openqa.selenium.remote.service.DriverCommandExecutor.invokeExecute(DriverCommandExecutor.java:216)
at org.openqa.selenium.remote.service.DriverCommandExecutor.execute(DriverCommandExecutor.java:174)
at org.openqa.selenium.remote.RemoteWebDriver.execute(RemoteWebDriver.java:545)
at org.openqa.selenium.remote.ElementLocation$ElementFinder$2.findElement(ElementLocation.java:165)
at org.openqa.selenium.remote.ElementLocation.findElement(ElementLocation.java:59)
at org.openqa.selenium.remote.RemoteWebDriver.findElement(RemoteWebDriver.java:368)
at org.openqa.selenium.remote.RemoteWebDriver.findElement(RemoteWebDriver.java:362)
at org.openqa.selenium.support.pagefactory.DefaultElementLocator.findElement(DefaultElementLocator.java:68)
at org.openqa.selenium.support.pagefactory.internal.LocatingElementHandler.invoke(LocatingElementHandler.java:38)
at jdk.proxy2/jdk.proxy2.$Proxy13.isDisplayed(Unknown Source)
at pages.AccountPage.isUserLoggedIn(AccountPage.java:47)
at tests.LoginPageTest.verifyWithLoginWithValidCredentials(LoginPageTest.java:85)
at java.base/java.util.ArrayList.forEach(ArrayList.java:1596)
... Removed 28 stack frames]]>
    </failure>
  </testcase> <!-- verifyWithLoginWithValidCredentials -->
  <testcase classname="tests.LoginPageTest" name="verifyWithLoginWithInValidCredentials" time="1.236"/>
  <testcase classname="tests.LoginPageTest" name="verifyWithLoginWithInValidEmailAndValidPassword" time="1.121"/>
  <testcase classname="tests.LoginPageTest" name="verifyWithLoginWithValidEmailAndInValidPassword" time="1.248"/>
  <testcase classname="tests.LoginPageTest" name="verifyLoginWithoutCredentials" time="0.755"/>
  <testcase classname="tests.LoginPageTest" name="verifyForgettenPasswordLink" time="0.465"/>
  <testcase classname="tests.LoginPageTest" name="verifyLoggigIntoApplicationUsingKeyboardKeys" time="5.674">
    <failure type="org.openqa.selenium.NoSuchElementException" message="no such element: Unable to locate element: {&amp;quot;method&amp;quot;:&amp;quot;xpath&amp;quot;,&amp;quot;selector&amp;quot;:&amp;quot;//a[@class=&amp;apos;list-group-item&amp;apos;][text()=&amp;apos;Logout&amp;apos;]&amp;quot;}
  (Session info: chrome=131.0.6778.265)
For documentation on this error, please visit: https://www.selenium.dev/documentation/webdriver/troubleshooting/errors#no-such-element-exception
Build info: version: &amp;apos;4.27.0&amp;apos;, revision: &amp;apos;d6e718d134&amp;apos;
System info: os.name: &amp;apos;Windows 11&amp;apos;, os.arch: &amp;apos;amd64&amp;apos;, os.version: &amp;apos;10.0&amp;apos;, java.version: &amp;apos;21.0.5&amp;apos;
Driver info: org.openqa.selenium.chrome.ChromeDriver
Command: [8f0d9dd9fe756b40c9e59deed0b9f5ed, findElement {value=//a[@class=&amp;apos;list-group-item&amp;apos;][text()=&amp;apos;Logout&amp;apos;], using=xpath}]
Capabilities {acceptInsecureCerts: false, browserName: chrome, browserVersion: 131.0.6778.265, chrome: {chromedriverVersion: 131.0.6778.264 (2d05e315153..., userDataDir: C:\Users\biraj\AppData\Loca...}, fedcm:accounts: true, goog:chromeOptions: {debuggerAddress: localhost:52820}, networkConnectionEnabled: false, pageLoadStrategy: normal, platformName: windows, proxy: Proxy(), se:cdp: ws://localhost:52820/devtoo..., se:cdpVersion: 131.0.6778.265, setWindowRect: true, strictFileInteractability: false, timeouts: {implicit: 0, pageLoad: 300000, script: 30000}, unhandledPromptBehavior: dismiss and notify, webauthn:extension:credBlob: true, webauthn:extension:largeBlob: true, webauthn:extension:minPinLength: true, webauthn:extension:prf: true, webauthn:virtualAuthenticators: true}
Session ID: 8f0d9dd9fe756b40c9e59deed0b9f5ed">
      <![CDATA[org.openqa.selenium.NoSuchElementException: no such element: Unable to locate element: {"method":"xpath","selector":"//a[@class='list-group-item'][text()='Logout']"}
  (Session info: chrome=131.0.6778.265)
For documentation on this error, please visit: https://www.selenium.dev/documentation/webdriver/troubleshooting/errors#no-such-element-exception
Build info: version: '4.27.0', revision: 'd6e718d134'
System info: os.name: 'Windows 11', os.arch: 'amd64', os.version: '10.0', java.version: '21.0.5'
Driver info: org.openqa.selenium.chrome.ChromeDriver
Command: [8f0d9dd9fe756b40c9e59deed0b9f5ed, findElement {value=//a[@class='list-group-item'][text()='Logout'], using=xpath}]
Capabilities {acceptInsecureCerts: false, browserName: chrome, browserVersion: 131.0.6778.265, chrome: {chromedriverVersion: 131.0.6778.264 (2d05e315153..., userDataDir: C:\Users\biraj\AppData\Loca...}, fedcm:accounts: true, goog:chromeOptions: {debuggerAddress: localhost:52820}, networkConnectionEnabled: false, pageLoadStrategy: normal, platformName: windows, proxy: Proxy(), se:cdp: ws://localhost:52820/devtoo..., se:cdpVersion: 131.0.6778.265, setWindowRect: true, strictFileInteractability: false, timeouts: {implicit: 0, pageLoad: 300000, script: 30000}, unhandledPromptBehavior: dismiss and notify, webauthn:extension:credBlob: true, webauthn:extension:largeBlob: true, webauthn:extension:minPinLength: true, webauthn:extension:prf: true, webauthn:virtualAuthenticators: true}
Session ID: 8f0d9dd9fe756b40c9e59deed0b9f5ed
at org.openqa.selenium.remote.ErrorCodec.decode(ErrorCodec.java:167)
at org.openqa.selenium.remote.codec.w3c.W3CHttpResponseCodec.decode(W3CHttpResponseCodec.java:138)
at org.openqa.selenium.remote.codec.w3c.W3CHttpResponseCodec.decode(W3CHttpResponseCodec.java:50)
at org.openqa.selenium.remote.HttpCommandExecutor.execute(HttpCommandExecutor.java:190)
at org.openqa.selenium.remote.service.DriverCommandExecutor.invokeExecute(DriverCommandExecutor.java:216)
at org.openqa.selenium.remote.service.DriverCommandExecutor.execute(DriverCommandExecutor.java:174)
at org.openqa.selenium.remote.RemoteWebDriver.execute(RemoteWebDriver.java:545)
at org.openqa.selenium.remote.ElementLocation$ElementFinder$2.findElement(ElementLocation.java:165)
at org.openqa.selenium.remote.ElementLocation.findElement(ElementLocation.java:59)
at org.openqa.selenium.remote.RemoteWebDriver.findElement(RemoteWebDriver.java:368)
at org.openqa.selenium.remote.RemoteWebDriver.findElement(RemoteWebDriver.java:362)
at org.openqa.selenium.support.pagefactory.DefaultElementLocator.findElement(DefaultElementLocator.java:68)
at org.openqa.selenium.support.pagefactory.internal.LocatingElementHandler.invoke(LocatingElementHandler.java:38)
at jdk.proxy2/jdk.proxy2.$Proxy13.isDisplayed(Unknown Source)
at pages.AccountPage.isUserLoggedIn(AccountPage.java:47)
at tests.LoginPageTest.verifyLoggigIntoApplicationUsingKeyboardKeys(LoginPageTest.java:136)
at java.base/java.util.ArrayList.forEach(ArrayList.java:1596)
... Removed 28 stack frames]]>
    </failure>
  </testcase> <!-- verifyLoggigIntoApplicationUsingKeyboardKeys -->
  <testcase classname="tests.LoginPageTest" name="verifyLoginFieldsPlaceHolders" time="0.066"/>
  <testcase classname="tests.LoginPageTest" name="verifyBrowserBackAfterLogin" time="4.59">
    <failure type="org.openqa.selenium.NoSuchElementException" message="no such element: Unable to locate element: {&amp;quot;method&amp;quot;:&amp;quot;xpath&amp;quot;,&amp;quot;selector&amp;quot;:&amp;quot;//a[@class=&amp;apos;list-group-item&amp;apos;][text()=&amp;apos;Logout&amp;apos;]&amp;quot;}
  (Session info: chrome=131.0.6778.265)
For documentation on this error, please visit: https://www.selenium.dev/documentation/webdriver/troubleshooting/errors#no-such-element-exception
Build info: version: &amp;apos;4.27.0&amp;apos;, revision: &amp;apos;d6e718d134&amp;apos;
System info: os.name: &amp;apos;Windows 11&amp;apos;, os.arch: &amp;apos;amd64&amp;apos;, os.version: &amp;apos;10.0&amp;apos;, java.version: &amp;apos;21.0.5&amp;apos;
Driver info: org.openqa.selenium.chrome.ChromeDriver
Command: [c5e5abbc813243f6e08d456d3e52ba24, findElement {value=//a[@class=&amp;apos;list-group-item&amp;apos;][text()=&amp;apos;Logout&amp;apos;], using=xpath}]
Capabilities {acceptInsecureCerts: false, browserName: chrome, browserVersion: 131.0.6778.265, chrome: {chromedriverVersion: 131.0.6778.264 (2d05e315153..., userDataDir: C:\Users\biraj\AppData\Loca...}, fedcm:accounts: true, goog:chromeOptions: {debuggerAddress: localhost:52864}, networkConnectionEnabled: false, pageLoadStrategy: normal, platformName: windows, proxy: Proxy(), se:cdp: ws://localhost:52864/devtoo..., se:cdpVersion: 131.0.6778.265, setWindowRect: true, strictFileInteractability: false, timeouts: {implicit: 0, pageLoad: 300000, script: 30000}, unhandledPromptBehavior: dismiss and notify, webauthn:extension:credBlob: true, webauthn:extension:largeBlob: true, webauthn:extension:minPinLength: true, webauthn:extension:prf: true, webauthn:virtualAuthenticators: true}
Session ID: c5e5abbc813243f6e08d456d3e52ba24">
      <![CDATA[org.openqa.selenium.NoSuchElementException: no such element: Unable to locate element: {"method":"xpath","selector":"//a[@class='list-group-item'][text()='Logout']"}
  (Session info: chrome=131.0.6778.265)
For documentation on this error, please visit: https://www.selenium.dev/documentation/webdriver/troubleshooting/errors#no-such-element-exception
Build info: version: '4.27.0', revision: 'd6e718d134'
System info: os.name: 'Windows 11', os.arch: 'amd64', os.version: '10.0', java.version: '21.0.5'
Driver info: org.openqa.selenium.chrome.ChromeDriver
Command: [c5e5abbc813243f6e08d456d3e52ba24, findElement {value=//a[@class='list-group-item'][text()='Logout'], using=xpath}]
Capabilities {acceptInsecureCerts: false, browserName: chrome, browserVersion: 131.0.6778.265, chrome: {chromedriverVersion: 131.0.6778.264 (2d05e315153..., userDataDir: C:\Users\biraj\AppData\Loca...}, fedcm:accounts: true, goog:chromeOptions: {debuggerAddress: localhost:52864}, networkConnectionEnabled: false, pageLoadStrategy: normal, platformName: windows, proxy: Proxy(), se:cdp: ws://localhost:52864/devtoo..., se:cdpVersion: 131.0.6778.265, setWindowRect: true, strictFileInteractability: false, timeouts: {implicit: 0, pageLoad: 300000, script: 30000}, unhandledPromptBehavior: dismiss and notify, webauthn:extension:credBlob: true, webauthn:extension:largeBlob: true, webauthn:extension:minPinLength: true, webauthn:extension:prf: true, webauthn:virtualAuthenticators: true}
Session ID: c5e5abbc813243f6e08d456d3e52ba24
at org.openqa.selenium.remote.ErrorCodec.decode(ErrorCodec.java:167)
at org.openqa.selenium.remote.codec.w3c.W3CHttpResponseCodec.decode(W3CHttpResponseCodec.java:138)
at org.openqa.selenium.remote.codec.w3c.W3CHttpResponseCodec.decode(W3CHttpResponseCodec.java:50)
at org.openqa.selenium.remote.HttpCommandExecutor.execute(HttpCommandExecutor.java:190)
at org.openqa.selenium.remote.service.DriverCommandExecutor.invokeExecute(DriverCommandExecutor.java:216)
at org.openqa.selenium.remote.service.DriverCommandExecutor.execute(DriverCommandExecutor.java:174)
at org.openqa.selenium.remote.RemoteWebDriver.execute(RemoteWebDriver.java:545)
at org.openqa.selenium.remote.ElementLocation$ElementFinder$2.findElement(ElementLocation.java:165)
at org.openqa.selenium.remote.ElementLocation.findElement(ElementLocation.java:59)
at org.openqa.selenium.remote.RemoteWebDriver.findElement(RemoteWebDriver.java:368)
at org.openqa.selenium.remote.RemoteWebDriver.findElement(RemoteWebDriver.java:362)
at org.openqa.selenium.support.pagefactory.DefaultElementLocator.findElement(DefaultElementLocator.java:68)
at org.openqa.selenium.support.pagefactory.internal.LocatingElementHandler.invoke(LocatingElementHandler.java:38)
at jdk.proxy2/jdk.proxy2.$Proxy13.isDisplayed(Unknown Source)
at pages.AccountPage.isUserLoggedIn(AccountPage.java:47)
at tests.LoginPageTest.verifyBrowserBackAfterLogin(LoginPageTest.java:159)
at java.base/java.util.ArrayList.forEach(ArrayList.java:1596)
... Removed 28 stack frames]]>
    </failure>
  </testcase> <!-- verifyBrowserBackAfterLogin -->
  <testcase classname="tests.LoginPageTest" name="verifyBrowserBackAfterLogingOut" time="4.211">
    <failure type="org.openqa.selenium.NoSuchElementException" message="no such element: Unable to locate element: {&amp;quot;method&amp;quot;:&amp;quot;xpath&amp;quot;,&amp;quot;selector&amp;quot;:&amp;quot;//a[text()=&amp;apos;Edit your account information&amp;apos;]&amp;quot;}
  (Session info: chrome=131.0.6778.265)
For documentation on this error, please visit: https://www.selenium.dev/documentation/webdriver/troubleshooting/errors#no-such-element-exception
Build info: version: &amp;apos;4.27.0&amp;apos;, revision: &amp;apos;d6e718d134&amp;apos;
System info: os.name: &amp;apos;Windows 11&amp;apos;, os.arch: &amp;apos;amd64&amp;apos;, os.version: &amp;apos;10.0&amp;apos;, java.version: &amp;apos;21.0.5&amp;apos;
Driver info: org.openqa.selenium.chrome.ChromeDriver
Command: [722169d0c39af0cbb4ccf3d21ab7b4a4, findElement {value=//a[text()=&amp;apos;Edit your account information&amp;apos;], using=xpath}]
Capabilities {acceptInsecureCerts: false, browserName: chrome, browserVersion: 131.0.6778.265, chrome: {chromedriverVersion: 131.0.6778.264 (2d05e315153..., userDataDir: C:\Users\biraj\AppData\Loca...}, fedcm:accounts: true, goog:chromeOptions: {debuggerAddress: localhost:52886}, networkConnectionEnabled: false, pageLoadStrategy: normal, platformName: windows, proxy: Proxy(), se:cdp: ws://localhost:52886/devtoo..., se:cdpVersion: 131.0.6778.265, setWindowRect: true, strictFileInteractability: false, timeouts: {implicit: 0, pageLoad: 300000, script: 30000}, unhandledPromptBehavior: dismiss and notify, webauthn:extension:credBlob: true, webauthn:extension:largeBlob: true, webauthn:extension:minPinLength: true, webauthn:extension:prf: true, webauthn:virtualAuthenticators: true}
Session ID: 722169d0c39af0cbb4ccf3d21ab7b4a4">
      <![CDATA[org.openqa.selenium.NoSuchElementException: no such element: Unable to locate element: {"method":"xpath","selector":"//a[text()='Edit your account information']"}
  (Session info: chrome=131.0.6778.265)
For documentation on this error, please visit: https://www.selenium.dev/documentation/webdriver/troubleshooting/errors#no-such-element-exception
Build info: version: '4.27.0', revision: 'd6e718d134'
System info: os.name: 'Windows 11', os.arch: 'amd64', os.version: '10.0', java.version: '21.0.5'
Driver info: org.openqa.selenium.chrome.ChromeDriver
Command: [722169d0c39af0cbb4ccf3d21ab7b4a4, findElement {value=//a[text()='Edit your account information'], using=xpath}]
Capabilities {acceptInsecureCerts: false, browserName: chrome, browserVersion: 131.0.6778.265, chrome: {chromedriverVersion: 131.0.6778.264 (2d05e315153..., userDataDir: C:\Users\biraj\AppData\Loca...}, fedcm:accounts: true, goog:chromeOptions: {debuggerAddress: localhost:52886}, networkConnectionEnabled: false, pageLoadStrategy: normal, platformName: windows, proxy: Proxy(), se:cdp: ws://localhost:52886/devtoo..., se:cdpVersion: 131.0.6778.265, setWindowRect: true, strictFileInteractability: false, timeouts: {implicit: 0, pageLoad: 300000, script: 30000}, unhandledPromptBehavior: dismiss and notify, webauthn:extension:credBlob: true, webauthn:extension:largeBlob: true, webauthn:extension:minPinLength: true, webauthn:extension:prf: true, webauthn:virtualAuthenticators: true}
Session ID: 722169d0c39af0cbb4ccf3d21ab7b4a4
at org.openqa.selenium.remote.ErrorCodec.decode(ErrorCodec.java:167)
at org.openqa.selenium.remote.codec.w3c.W3CHttpResponseCodec.decode(W3CHttpResponseCodec.java:138)
at org.openqa.selenium.remote.codec.w3c.W3CHttpResponseCodec.decode(W3CHttpResponseCodec.java:50)
at org.openqa.selenium.remote.HttpCommandExecutor.execute(HttpCommandExecutor.java:190)
at org.openqa.selenium.remote.service.DriverCommandExecutor.invokeExecute(DriverCommandExecutor.java:216)
at org.openqa.selenium.remote.service.DriverCommandExecutor.execute(DriverCommandExecutor.java:174)
at org.openqa.selenium.remote.RemoteWebDriver.execute(RemoteWebDriver.java:545)
at org.openqa.selenium.remote.ElementLocation$ElementFinder$2.findElement(ElementLocation.java:165)
at org.openqa.selenium.remote.ElementLocation.findElement(ElementLocation.java:59)
at org.openqa.selenium.remote.RemoteWebDriver.findElement(RemoteWebDriver.java:368)
at org.openqa.selenium.remote.RemoteWebDriver.findElement(RemoteWebDriver.java:362)
at org.openqa.selenium.support.pagefactory.DefaultElementLocator.findElement(DefaultElementLocator.java:68)
at org.openqa.selenium.support.pagefactory.internal.LocatingElementHandler.invoke(LocatingElementHandler.java:38)
at jdk.proxy2/jdk.proxy2.$Proxy13.click(Unknown Source)
at pages.AccountPage.Edityouraccountinformation(AccountPage.java:43)
at tests.LoginPageTest.verifyBrowserBackAfterLogingOut(LoginPageTest.java:171)
at java.base/java.util.ArrayList.forEach(ArrayList.java:1596)
... Removed 28 stack frames]]>
    </failure>
  </testcase> <!-- verifyBrowserBackAfterLogingOut -->
  <testcase classname="tests.LoginPageTest" name="verifyLoginWithInactiveCredentials" time="1.265"/>
  <testcase classname="tests.LoginPageTest" name="verifyNumberOfUnsuccessfulLoginAttempt" time="2.828"/>
  <testcase classname="tests.LoginPageTest" name="verifyTextEnteredIntoPasswordFieldIsToggledToHideItsVisibility" time="0.04"/>
  <testcase classname="tests.LoginPageTest" name="verifyCopingOfTextEnteredIntoPasswordField" time="0.249"/>
  <testcase classname="tests.LoginPageTest" name="verifyPasswordIsStoredInHTMLCodeOfThePage" time="0.246">
    <failure type="java.lang.AssertionError" message="expected [false] but found [true]">
      <![CDATA[java.lang.AssertionError: expected [false] but found [true]
at tests.LoginPageTest.verifyPasswordIsStoredInHTMLCodeOfThePage(LoginPageTest.java:225)
at java.base/java.util.ArrayList.forEach(ArrayList.java:1596)
... Removed 29 stack frames]]>
    </failure>
  </testcase> <!-- verifyPasswordIsStoredInHTMLCodeOfThePage -->
  <testcase classname="tests.LoginPageTest" name="verifyLoggingIntoApplicationAfterChangingPassword" time="5.731"/>
  <testcase classname="tests.LoginPageTest" name="verifyNavigatingToDifferentPagesFromLoginPage" time="21.908"/>
  <testcase classname="tests.LoginPageTest" name="verifyDifferentWaysToNavigatingToLoginPage" time="1.76"/>
  <testcase classname="tests.LoginPageTest" name="verifyBreadCrumbPageHeadingTitleAndPageOfLoginPage" time="0.115"/>
  <testcase classname="tests.LoginPageTest" name="verifyUIOfLoginPage" time="0.722"/>
  <testcase classname="tests.LoginPageTest" name="verifyLoginFunctionalityInAllEnvironments" time="1.637"/>
  <testcase classname="tests.RegisterPageTest" name="verifyDataBaseTestingForRegisterAccount" time="0.0">
    <ignored/>
  </testcase> <!-- verifyDataBaseTestingForRegisterAccount -->
</testsuite> <!-- Test -->
