<?xml version="1.0" encoding="UTF-8"?>
<testng-results ignored="0" total="1" passed="1" failed="0" skipped="0">
  <reporter-output>
  </reporter-output>
  <suite started-at="2025-01-26T23:56:36 IST" name="Default suite" finished-at="2025-01-26T23:56:42 IST" duration-ms="6093">
    <groups>
    </groups>
    <test started-at="2025-01-26T23:56:36 IST" name="Default test" finished-at="2025-01-26T23:56:42 IST" duration-ms="6093">
      <class name="tests.RegisterPageTest">
        <test-method is-config="true" signature="setup()[pri:0, instance:tests.RegisterPageTest@3b69e7d1]" started-at="2025-01-26T23:56:36 IST" name="setup" finished-at="2025-01-26T23:56:40 IST" duration-ms="3402" status="PASS">
          <reporter-output>
          </reporter-output>
        </test-method> <!-- setup -->
        <test-method signature="verifyRegisteringAccountInDifferentTestEnvironments()[pri:27, instance:tests.RegisterPageTest@3b69e7d1]" started-at="2025-01-26T23:56:40 IST" name="verifyRegisteringAccountInDifferentTestEnvironments" finished-at="2025-01-26T23:56:42 IST" duration-ms="2432" status="PASS">
          <reporter-output>
          </reporter-output>
        </test-method> <!-- verifyRegisteringAccountInDifferentTestEnvironments -->
        <test-method is-config="true" signature="tearDown()[pri:0, instance:tests.RegisterPageTest@3b69e7d1]" started-at="2025-01-26T23:56:42 IST" name="tearDown" finished-at="2025-01-26T23:56:42 IST" duration-ms="209" status="PASS">
          <reporter-output>
          </reporter-output>
        </test-method> <!-- tearDown -->
      </class> <!-- tests.RegisterPageTest -->
    </test> <!-- Default test -->
  </suite> <!-- Default suite -->
</testng-results>
