<?xml version="1.0" encoding="UTF-8"?>
<testng-results ignored="0" total="1" passed="1" failed="0" skipped="0">
  <reporter-output>
  </reporter-output>
  <suite started-at="2025-02-09T22:56:02 IST" name="Default suite" finished-at="2025-02-09T22:57:02 IST" duration-ms="60227">
    <groups>
    </groups>
    <test started-at="2025-02-09T22:56:02 IST" name="Default test" finished-at="2025-02-09T22:57:02 IST" duration-ms="60227">
      <class name="tests.SearchPageTest">
        <test-method is-config="true" signature="setup()[pri:0, instance:tests.SearchPageTest@43bc63a3]" started-at="2025-02-09T22:56:02 IST" name="setup" finished-at="2025-02-09T22:56:31 IST" duration-ms="29180" status="PASS">
          <reporter-output>
          </reporter-output>
        </test-method> <!-- setup -->
        <test-method signature="verifyNavigationToProductCompagePage()[pri:13, instance:tests.SearchPageTest@43bc63a3]" started-at="2025-02-09T22:56:31 IST" name="verifyNavigationToProductCompagePage" finished-at="2025-02-09T22:57:02 IST" duration-ms="30787" status="PASS">
          <reporter-output>
          </reporter-output>
        </test-method> <!-- verifyNavigationToProductCompagePage -->
        <test-method is-config="true" signature="tearDown()[pri:0, instance:tests.SearchPageTest@43bc63a3]" started-at="2025-02-09T22:57:02 IST" name="tearDown" finished-at="2025-02-09T22:57:02 IST" duration-ms="191" status="PASS">
          <reporter-output>
          </reporter-output>
        </test-method> <!-- tearDown -->
      </class> <!-- tests.SearchPageTest -->
    </test> <!-- Default test -->
  </suite> <!-- Default suite -->
</testng-results>
